This is pdfTeX, Version 3.14159265-2.6-1.40.17 (MiKTeX 2.9 64-bit) (preloaded format=pdflatex 2016.10.4)  17 MAR 2017 20:26
entering extended mode
**./Assignment2_Ye_V02.tex
(Assignment2_Ye_V02.tex
LaTeX2e <2016/03/31>
Babel <3.9r> and hyphenation patterns for 75 language(s) loaded.
("C:\Program Files\MiKTeX 2.9\tex\latex\base\article.cls"
Document Class: article 2014/09/29 v1.4h Standard LaTeX document class
("C:\Program Files\MiKTeX 2.9\tex\latex\base\size10.clo"
File: size10.clo 2014/09/29 v1.4h Standard LaTeX file (size option)
)
\c@part=\count79
\c@section=\count80
\c@subsection=\count81
\c@subsubsection=\count82
\c@paragraph=\count83
\c@subparagraph=\count84
\c@figure=\count85
\c@table=\count86
\abovecaptionskip=\skip41
\belowcaptionskip=\skip42
\bibindent=\dimen102
)
("C:\Program Files\MiKTeX 2.9\tex\latex\graphics\graphicx.sty"
Package: graphicx 2014/10/28 v1.0g Enhanced LaTeX Graphics (DPC,SPQR)

("C:\Program Files\MiKTeX 2.9\tex\latex\graphics\keyval.sty"
Package: keyval 2014/10/28 v1.15 key=value parser (DPC)
\KV@toks@=\toks14
)
("C:\Program Files\MiKTeX 2.9\tex\latex\graphics\graphics.sty"
Package: graphics 2016/05/09 v1.0r Standard LaTeX Graphics (DPC,SPQR)

("C:\Program Files\MiKTeX 2.9\tex\latex\graphics\trig.sty"
Package: trig 2016/01/03 v1.10 sin cos tan (DPC)
)
("C:\Program Files\MiKTeX 2.9\tex\latex\00miktex\graphics.cfg"
File: graphics.cfg 2016/01/02 v1.10 sample graphics configuration
)
Package graphics Info: Driver file: pdftex.def on input line 96.

("C:\Program Files\MiKTeX 2.9\tex\latex\pdftex-def\pdftex.def"
File: pdftex.def 2011/05/27 v0.06d Graphics/color for pdfTeX

("C:\Program Files\MiKTeX 2.9\tex\generic\oberdiek\infwarerr.sty"
Package: infwarerr 2016/05/16 v1.4 Providing info/warning/error messages (HO)
)
("C:\Program Files\MiKTeX 2.9\tex\generic\oberdiek\ltxcmds.sty"
Package: ltxcmds 2016/05/16 v1.23 LaTeX kernel commands for general use (HO)
)
\Gread@gobject=\count87
))
\Gin@req@height=\dimen103
\Gin@req@width=\dimen104
)
("C:\Program Files\MiKTeX 2.9\tex\latex\graphics\color.sty"
Package: color 2016/05/09 v1.1c Standard LaTeX Color (DPC)

("C:\Program Files\MiKTeX 2.9\tex\latex\00miktex\color.cfg"
File: color.cfg 2016/01/02 v1.6 sample color configuration
)
Package color Info: Driver file: pdftex.def on input line 144.
)
("C:\Program Files\MiKTeX 2.9\tex\latex\framed\framed.sty"
Package: framed 2011/10/22 v 0.96: framed or shaded text with page breaks
\OuterFrameSep=\skip43
\fb@frw=\dimen105
\fb@frh=\dimen106
\FrameRule=\dimen107
\FrameSep=\dimen108
)
("C:\Program Files\MiKTeX 2.9\tex\latex\base\alltt.sty"
Package: alltt 1997/06/16 v2.0g defines alltt environment
)
("C:\Program Files\MiKTeX 2.9\tex\latex\amsfonts\amsfonts.sty"
Package: amsfonts 2013/01/14 v3.01 Basic AMSFonts support
\@emptytoks=\toks15
\symAMSa=\mathgroup4
\symAMSb=\mathgroup5
LaTeX Font Info:    Overwriting math alphabet `\mathfrak' in version `bold'
(Font)                  U/euf/m/n --> U/euf/b/n on input line 106.
)
("C:\Program Files\MiKTeX 2.9\tex\latex\amsfonts\amssymb.sty"
Package: amssymb 2013/01/14 v3.01 AMS font symbols
)
("C:\Program Files\MiKTeX 2.9\tex\latex\amsmath\amsbsy.sty"
Package: amsbsy 1999/11/29 v1.2d Bold Symbols

("C:\Program Files\MiKTeX 2.9\tex\latex\amsmath\amsgen.sty"
File: amsgen.sty 1999/11/30 v2.0 generic functions
\@emptytoks=\toks16
\ex@=\dimen109
)
\pmbraise@=\dimen110
)
("C:\Program Files\MiKTeX 2.9\tex\latex\amsmath\amsmath.sty"
Package: amsmath 2016/03/10 v2.15b AMS math features
\@mathmargin=\skip44

For additional information on amsmath, use the `?' option.
("C:\Program Files\MiKTeX 2.9\tex\latex\amsmath\amstext.sty"
Package: amstext 2000/06/29 v2.01 AMS text
)
("C:\Program Files\MiKTeX 2.9\tex\latex\amsmath\amsopn.sty"
Package: amsopn 2016/03/08 v2.02 operator names
)
\inf@bad=\count88
LaTeX Info: Redefining \frac on input line 199.
\uproot@=\count89
\leftroot@=\count90
LaTeX Info: Redefining \overline on input line 297.
\classnum@=\count91
\DOTSCASE@=\count92
LaTeX Info: Redefining \ldots on input line 394.
LaTeX Info: Redefining \dots on input line 397.
LaTeX Info: Redefining \cdots on input line 518.
\Mathstrutbox@=\box26
\strutbox@=\box27
\big@size=\dimen111
LaTeX Font Info:    Redeclaring font encoding OML on input line 634.
LaTeX Font Info:    Redeclaring font encoding OMS on input line 635.
\macc@depth=\count93
\c@MaxMatrixCols=\count94
\dotsspace@=\muskip10
\c@parentequation=\count95
\dspbrk@lvl=\count96
\tag@help=\toks17
\row@=\count97
\column@=\count98
\maxfields@=\count99
\andhelp@=\toks18
\eqnshift@=\dimen112
\alignsep@=\dimen113
\tagshift@=\dimen114
\tagwidth@=\dimen115
\totwidth@=\dimen116
\lineht@=\dimen117
\@envbody=\toks19
\multlinegap=\skip45
\multlinetaggap=\skip46
\mathdisplay@stack=\toks20
LaTeX Info: Redefining \[ on input line 2739.
LaTeX Info: Redefining \] on input line 2740.
)
("C:\Program Files\MiKTeX 2.9\tex\latex\base\latexsym.sty"
Package: latexsym 1998/08/17 v2.2e Standard LaTeX package (lasy symbols)
\symlasy=\mathgroup6
LaTeX Font Info:    Overwriting symbol font `lasy' in version `bold'
(Font)                  U/lasy/m/n --> U/lasy/b/n on input line 52.
)
("C:\Program Files\MiKTeX 2.9\tex\latex\natbib\natbib.sty"
Package: natbib 2010/09/13 8.31b (PWD, AO)
\bibhang=\skip47
\bibsep=\skip48
LaTeX Info: Redefining \cite on input line 694.
\c@NAT@ctr=\count100
)
("C:\Program Files\MiKTeX 2.9\tex\latex\subfigure\subfigure.sty"
Package: subfigure 2002/07/30 v2.1.4 subfigure package
\subfigtopskip=\skip49
\subfigcapskip=\skip50
\subfigcaptopadj=\dimen118
\subfigbottomskip=\skip51
\subfigcapmargin=\dimen119
\subfiglabelskip=\skip52
\c@subfigure=\count101
\c@lofdepth=\count102
\c@subtable=\count103
\c@lotdepth=\count104

****************************************
* Local config file subfigure.cfg used *
****************************************
("C:\Program Files\MiKTeX 2.9\tex\latex\subfigure\subfigure.cfg")
\subfig@top=\skip53
\subfig@bottom=\skip54
)
("C:\Program Files\MiKTeX 2.9\tex\latex\preprint\fullpage.sty"
Package: fullpage 1999/02/23 1.1 (PWD)
\FP@margin=\skip55
)
("C:\Program Files\MiKTeX 2.9\tex\latex\upquote\upquote.sty"
Package: upquote 2012/04/19 v1.3 upright-quote and grave-accent glyphs in verba
tim
)
(Assignment2_Ye_V02.aux)
\openout1 = `Assignment2_Ye_V02.aux'.

LaTeX Font Info:    Checking defaults for OML/cmm/m/it on input line 56.
LaTeX Font Info:    ... okay on input line 56.
LaTeX Font Info:    Checking defaults for T1/cmr/m/n on input line 56.
LaTeX Font Info:    ... okay on input line 56.
LaTeX Font Info:    Checking defaults for OT1/cmr/m/n on input line 56.
LaTeX Font Info:    ... okay on input line 56.
LaTeX Font Info:    Checking defaults for OMS/cmsy/m/n on input line 56.
LaTeX Font Info:    ... okay on input line 56.
LaTeX Font Info:    Checking defaults for OMX/cmex/m/n on input line 56.
LaTeX Font Info:    ... okay on input line 56.
LaTeX Font Info:    Checking defaults for U/cmr/m/n on input line 56.
LaTeX Font Info:    ... okay on input line 56.

("C:\Program Files\MiKTeX 2.9\tex\context\base\supp-pdf.mkii"
[Loading MPS to PDF converter (version 2006.09.02).]
\scratchcounter=\count105
\scratchdimen=\dimen120
\scratchbox=\box28
\nofMPsegments=\count106
\nofMParguments=\count107
\everyMPshowfont=\toks21
\MPscratchCnt=\count108
\MPscratchDim=\dimen121
\MPnumerator=\count109
\makeMPintoPDFobject=\count110
\everyMPtoPDFconversion=\toks22
) ("C:\Program Files\MiKTeX 2.9\tex\generic\oberdiek\pdftexcmds.sty"
Package: pdftexcmds 2016/05/21 v0.22 Utility functions of pdfTeX for LuaTeX (HO
)

("C:\Program Files\MiKTeX 2.9\tex\generic\oberdiek\ifluatex.sty"
Package: ifluatex 2016/05/16 v1.4 Provides the ifluatex switch (HO)
Package ifluatex Info: LuaTeX not detected.
)
("C:\Program Files\MiKTeX 2.9\tex\generic\oberdiek\ifpdf.sty"
Package: ifpdf 2016/05/14 v3.1 Provides the ifpdf switch
)
Package pdftexcmds Info: LuaTeX not detected.
Package pdftexcmds Info: \pdf@primitive is available.
Package pdftexcmds Info: \pdf@ifprimitive is available.
Package pdftexcmds Info: \pdfdraftmode found.
)
("C:\Program Files\MiKTeX 2.9\tex\latex\oberdiek\epstopdf-base.sty"
Package: epstopdf-base 2016/05/15 v2.6 Base part for package epstopdf

("C:\Program Files\MiKTeX 2.9\tex\latex\oberdiek\grfext.sty"
Package: grfext 2016/05/16 v1.2 Manage graphics extensions (HO)

("C:\Program Files\MiKTeX 2.9\tex\generic\oberdiek\kvdefinekeys.sty"
Package: kvdefinekeys 2016/05/16 v1.4 Define keys (HO)
))
("C:\Program Files\MiKTeX 2.9\tex\latex\oberdiek\kvoptions.sty"
Package: kvoptions 2016/05/16 v3.12 Key value format for package options (HO)

("C:\Program Files\MiKTeX 2.9\tex\generic\oberdiek\kvsetkeys.sty"
Package: kvsetkeys 2016/05/16 v1.17 Key value parser (HO)

("C:\Program Files\MiKTeX 2.9\tex\generic\oberdiek\etexcmds.sty"
Package: etexcmds 2016/05/16 v1.6 Avoid name clashes with e-TeX commands (HO)
Package etexcmds Info: Could not find \expanded.
(etexcmds)             That can mean that you are not using pdfTeX 1.50 or
(etexcmds)             that some package has redefined \expanded.
(etexcmds)             In the latter case, load this package earlier.
)))
Package grfext Info: Graphics extension search list:
(grfext)             [.png,.pdf,.jpg,.mps,.jpeg,.jbig2,.jb2,.PNG,.PDF,.JPG,.JPE
G,.JBIG2,.JB2,.eps]
(grfext)             \AppendGraphicsExtensions on input line 456.
)

! LaTeX Error: There's no line here to end.

See the LaTeX manual or LaTeX Companion for explanation.
Type  H <return>  for immediate help.
 ...                                              
                                                  
l.69 \maketitle
               
Your command was ignored.
Type  I <command> <return>  to replace it with another command,
or  <return>  to continue without it.

LaTeX Font Info:    Try loading font information for U+msa on input line 69.
("C:\Program Files\MiKTeX 2.9\tex\latex\amsfonts\umsa.fd"
File: umsa.fd 2013/01/14 v3.01 AMS symbols A
)
LaTeX Font Info:    Try loading font information for U+msb on input line 69.

("C:\Program Files\MiKTeX 2.9\tex\latex\amsfonts\umsb.fd"
File: umsb.fd 2013/01/14 v3.01 AMS symbols B
)
LaTeX Font Info:    Try loading font information for U+lasy on input line 69.

("C:\Program Files\MiKTeX 2.9\tex\latex\base\ulasy.fd"
File: ulasy.fd 1998/08/17 v2.2e LaTeX symbol font definitions
) (Assignment2_Ye_V02.toc)
\tf@toc=\write3
\openout3 = `Assignment2_Ye_V02.toc'.

 [1

{C:/ProgramData/MiKTeX/2.9/pdftex/config/pdftex.map}]
Package color Info: Redefining color shadecolor on input line 79.
LaTeX Font Info:    Font shape `OT1/cmtt/bx/n' in size <10> not available
(Font)              Font shape `OT1/cmtt/m/n' tried instead on input line 81.
Package color Info: Redefining color shadecolor on input line 103.

<figure/unnamed-chunk-2-1.pdf, id=11, 505.89pt x 505.89pt>
File: figure/unnamed-chunk-2-1.pdf Graphic file (type pdf)

<use figure/unnamed-chunk-2-1.pdf>
Package pdftex.def Info: figure/unnamed-chunk-2-1.pdf used on input line 109.
(pdftex.def)             Requested size: 469.75502pt x 469.76265pt.

Overfull \hbox (15.0pt too wide) in paragraph at lines 109--110
[][] 
 []

[2]
Package color Info: Redefining color shadecolor on input line 115.
 <figure/unnamed-chunk-3-1.pdf, id=17, 505.89pt x 505.89pt>
File: figure/unnamed-chunk-3-1.pdf Graphic file (type pdf)

<use figure/unnamed-chunk-3-1.pdf>
Package pdftex.def Info: figure/unnamed-chunk-3-1.pdf used on input line 121.
(pdftex.def)             Requested size: 469.75502pt x 469.76265pt.

Overfull \hbox (15.0pt too wide) in paragraph at lines 121--122
[][] 
 []

[3 <./figure/unnamed-chunk-2-1.pdf>]
<figure/unnamed-chunk-3-2.pdf, id=27, 505.89pt x 505.89pt>
File: figure/unnamed-chunk-3-2.pdf Graphic file (type pdf)

<use figure/unnamed-chunk-3-2.pdf>
Package pdftex.def Info: figure/unnamed-chunk-3-2.pdf used on input line 127.
(pdftex.def)             Requested size: 469.75502pt x 469.76265pt.

Overfull \hbox (15.0pt too wide) in paragraph at lines 127--128
[][] 
 []

[4 <./figure/unnamed-chunk-3-1.pdf>]
<figure/unnamed-chunk-3-3.pdf, id=37, 505.89pt x 505.89pt>
File: figure/unnamed-chunk-3-3.pdf Graphic file (type pdf)

<use figure/unnamed-chunk-3-3.pdf>
Package pdftex.def Info: figure/unnamed-chunk-3-3.pdf used on input line 134.
(pdftex.def)             Requested size: 469.75502pt x 469.76265pt.

Overfull \hbox (15.0pt too wide) in paragraph at lines 134--135
[][] 
 []

[5 <./figure/unnamed-chunk-3-2.pdf>]
! Missing $ inserted.
<inserted text> 
                $
l.137 From acf plot ,q \leq
                            1, and from partial-acf plot, p \leq 4.
I've inserted a begin-math/end-math symbol since I think
you left one out. Proceed, with fingers crossed.

! Missing $ inserted.
<inserted text> 
                $
l.139 
      
I've inserted a begin-math/end-math symbol since I think
you left one out. Proceed, with fingers crossed.

Package color Info: Redefining color shadecolor on input line 141.
LaTeX Font Info:    Try loading font information for OMS+cmtt on input line 145
.
(C:/PROGRA~1/R/R-33~1.2/share/texmf/tex/latex\omscmtt.fd
File: omscmtt.fd 
)
LaTeX Font Info:    Font shape `OMS/cmtt/m/n' in size <10> not available
(Font)              Font shape `OMS/cmsy/m/n' tried instead on input line 145.
 [6 <./figure/unnamed-chunk-3-3.pdf>]
Package color Info: Redefining color shadecolor on input line 173.
Package color Info: Redefining color shadecolor on input line 184.
Package color Info: Redefining color shadecolor on input line 199.
 [7] <figure/unnamed-chunk-7-1.pdf, id=62, 505.89pt x 505.89pt>
File: figure/unnamed-chunk-7-1.pdf Graphic file (type pdf)

<use figure/unnamed-chunk-7-1.pdf>
Package pdftex.def Info: figure/unnamed-chunk-7-1.pdf used on input line 244.
(pdftex.def)             Requested size: 469.75502pt x 469.76265pt.

Overfull \hbox (15.0pt too wide) in paragraph at lines 244--245
[][] 
 []

[8]
Package color Info: Redefining color shadecolor on input line 256.

Overfull \hbox (18.49072pt too wide) in paragraph at lines 258--258
[][]\OT1/cmtt/m/n/10 birth_data[] []<-[] []read.csv[][]([][]"E:/ST3233/Assignme
nt2/Datasets/daily-total-female-births-in-cal.csv"[][],[][] 
 []


Overfull \vbox (1.5826pt too high) detected at line 265
 []

[9 <./figure/unnamed-chunk-7-1.pdf>]
<figure/unnamed-chunk-8-1.pdf, id=75, 505.89pt x 505.89pt>
File: figure/unnamed-chunk-8-1.pdf Graphic file (type pdf)

<use figure/unnamed-chunk-8-1.pdf>
Package pdftex.def Info: figure/unnamed-chunk-8-1.pdf used on input line 266.
(pdftex.def)             Requested size: 469.75502pt x 469.76265pt.

Overfull \hbox (15.0pt too wide) in paragraph at lines 266--267
[][] 
 []

<figure/unnamed-chunk-8-2.pdf, id=76, 505.89pt x 505.89pt>
File: figure/unnamed-chunk-8-2.pdf Graphic file (type pdf)

<use figure/unnamed-chunk-8-2.pdf>
Package pdftex.def Info: figure/unnamed-chunk-8-2.pdf used on input line 272.
(pdftex.def)             Requested size: 469.75502pt x 469.76265pt.

Overfull \hbox (15.0pt too wide) in paragraph at lines 272--273
[][] 
 []

[10 <./figure/unnamed-chunk-8-1.pdf>]
Package color Info: Redefining color shadecolor on input line 279.

<figure/unnamed-chunk-9-1.pdf, id=86, 505.89pt x 505.89pt>
File: figure/unnamed-chunk-9-1.pdf Graphic file (type pdf)

<use figure/unnamed-chunk-9-1.pdf>
Package pdftex.def Info: figure/unnamed-chunk-9-1.pdf used on input line 286.
(pdftex.def)             Requested size: 469.75502pt x 469.76265pt.

Overfull \hbox (15.0pt too wide) in paragraph at lines 286--287
[][] 
 []

[11 <./figure/unnamed-chunk-8-2.pdf>]
<figure/unnamed-chunk-9-2.pdf, id=96, 505.89pt x 505.89pt>
File: figure/unnamed-chunk-9-2.pdf Graphic file (type pdf)

<use figure/unnamed-chunk-9-2.pdf>
Package pdftex.def Info: figure/unnamed-chunk-9-2.pdf used on input line 295.
(pdftex.def)             Requested size: 469.75502pt x 469.76265pt.

Overfull \hbox (15.0pt too wide) in paragraph at lines 295--296
[][] 
 []

[12 <./figure/unnamed-chunk-9-1.pdf>]
! Missing $ inserted.
<inserted text> 
                $
l.298 From acf plot ,q \leq
                            1, and from partial-acf plot, p \leq 6 with d = 1
I've inserted a begin-math/end-math symbol since I think
you left one out. Proceed, with fingers crossed.

! Missing $ inserted.
<inserted text> 
                $
l.299 
      
I've inserted a begin-math/end-math symbol since I think
you left one out. Proceed, with fingers crossed.

Package color Info: Redefining color shadecolor on input line 301.
[13 <./figure/unnamed-chunk-9-2.pdf>]
Package color Info: Redefining color shadecolor on input line 324.
Package color Info: Redefining color shadecolor on input line 333.

<figure/unnamed-chunk-12-1.pdf, id=116, 505.89pt x 505.89pt>
File: figure/unnamed-chunk-12-1.pdf Graphic file (type pdf)

<use figure/unnamed-chunk-12-1.pdf>
Package pdftex.def Info: figure/unnamed-chunk-12-1.pdf used on input line 339.
(pdftex.def)             Requested size: 469.75502pt x 469.76265pt.

Overfull \hbox (15.0pt too wide) in paragraph at lines 339--340
[][] 
 []

[14 <./figure/unnamed-chunk-12-1.pdf>]
<figure/unnamed-chunk-12-2.pdf, id=126, 505.89pt x 505.89pt>
File: figure/unnamed-chunk-12-2.pdf Graphic file (type pdf)

<use figure/unnamed-chunk-12-2.pdf>
Package pdftex.def Info: figure/unnamed-chunk-12-2.pdf used on input line 346.
(pdftex.def)             Requested size: 469.75502pt x 469.76265pt.

Overfull \hbox (15.0pt too wide) in paragraph at lines 346--347
[][] 
 []

<figure/unnamed-chunk-12-3.pdf, id=127, 505.89pt x 505.89pt>
File: figure/unnamed-chunk-12-3.pdf Graphic file (type pdf)

<use figure/unnamed-chunk-12-3.pdf>
Package pdftex.def Info: figure/unnamed-chunk-12-3.pdf used on input line 353.
(pdftex.def)             Requested size: 469.75502pt x 469.76265pt.

Overfull \hbox (15.0pt too wide) in paragraph at lines 353--354
[][] 
 []

[15 <./figure/unnamed-chunk-12-2.pdf>]
Package color Info: Redefining color shadecolor on input line 360.
 [16 <./figure/unnamed-chunk-12-3.pdf>]
<figure/unnamed-chunk-13-1.pdf, id=146, 505.89pt x 505.89pt>
File: figure/unnamed-chunk-13-1.pdf Graphic file (type pdf)

<use figure/unnamed-chunk-13-1.pdf>
Package pdftex.def Info: figure/unnamed-chunk-13-1.pdf used on input line 386.
(pdftex.def)             Requested size: 469.75502pt x 469.76265pt.

Overfull \hbox (15.0pt too wide) in paragraph at lines 386--387
[][] 
 []

[17]
Package color Info: Redefining color shadecolor on input line 392.
 [18 <./figure/unnamed-chunk-13-1.pdf>]
<figure/unnamed-chunk-14-1.pdf, id=159, 505.89pt x 505.89pt>
File: figure/unnamed-chunk-14-1.pdf Graphic file (type pdf)

<use figure/unnamed-chunk-14-1.pdf>
Package pdftex.def Info: figure/unnamed-chunk-14-1.pdf used on input line 420.
(pdftex.def)             Requested size: 469.75502pt x 469.76265pt.

Overfull \hbox (15.0pt too wide) in paragraph at lines 420--421
[][] 
 []

[19]
Package color Info: Redefining color shadecolor on input line 428.
 [20 <./figure/unnamed-chunk-14-1.pdf>]
<figure/unnamed-chunk-15-1.pdf, id=173, 505.89pt x 505.89pt>
File: figure/unnamed-chunk-15-1.pdf Graphic file (type pdf)

<use figure/unnamed-chunk-15-1.pdf>
Package pdftex.def Info: figure/unnamed-chunk-15-1.pdf used on input line 454.
(pdftex.def)             Requested size: 469.75502pt x 469.76265pt.

Overfull \hbox (15.0pt too wide) in paragraph at lines 454--455
[][] 
 []

[21]
Package color Info: Redefining color shadecolor on input line 463.

Overfull \hbox (13.24077pt too wide) in paragraph at lines 465--465
[][]\OT1/cmtt/m/n/10 beer_data[] []<-[] []read.csv[][]([][]"E:/ST3233/Assignmen
t2/Datasets/quarterly-beer-production-in-aus.csv"[][],[][] 
 []

<figure/unnamed-chunk-16-1.pdf, id=177, 505.89pt x 505.89pt>
File: figure/unnamed-chunk-16-1.pdf Graphic file (type pdf)

<use figure/unnamed-chunk-16-1.pdf>
Package pdftex.def Info: figure/unnamed-chunk-16-1.pdf used on input line 472.
(pdftex.def)             Requested size: 469.75502pt x 469.76265pt.

Overfull \hbox (15.0pt too wide) in paragraph at lines 472--473
[][] 
 []

[22 <./figure/unnamed-chunk-15-1.pdf>]
Overfull \hbox (20.22684pt too wide) in paragraph at lines 474--474
[][]\OT1/cmtt/m/it/10 #From the plot, we can clearly see that there is periodic
ity and trend, thus we decompose it.[][] 
 []

<figure/unnamed-chunk-16-2.pdf, id=187, 505.89pt x 505.89pt>
File: figure/unnamed-chunk-16-2.pdf Graphic file (type pdf)

<use figure/unnamed-chunk-16-2.pdf>
Package pdftex.def Info: figure/unnamed-chunk-16-2.pdf used on input line 479.
(pdftex.def)             Requested size: 469.75502pt x 469.76265pt.

Overfull \hbox (15.0pt too wide) in paragraph at lines 479--480
[][] 
 []

[23 <./figure/unnamed-chunk-16-1.pdf>]
<figure/unnamed-chunk-16-3.pdf, id=197, 505.89pt x 505.89pt>
File: figure/unnamed-chunk-16-3.pdf Graphic file (type pdf)

<use figure/unnamed-chunk-16-3.pdf>
Package pdftex.def Info: figure/unnamed-chunk-16-3.pdf used on input line 485.
(pdftex.def)             Requested size: 469.75502pt x 469.76265pt.

Overfull \hbox (15.0pt too wide) in paragraph at lines 485--486
[][] 
 []

[24 <./figure/unnamed-chunk-16-2.pdf>]
Package color Info: Redefining color shadecolor on input line 494.

<figure/unnamed-chunk-17-1.pdf, id=206, 505.89pt x 505.89pt>
File: figure/unnamed-chunk-17-1.pdf Graphic file (type pdf)

<use figure/unnamed-chunk-17-1.pdf>
Package pdftex.def Info: figure/unnamed-chunk-17-1.pdf used on input line 500.
(pdftex.def)             Requested size: 469.75502pt x 469.76265pt.

Overfull \hbox (15.0pt too wide) in paragraph at lines 500--501
[][] 
 []

[25 <./figure/unnamed-chunk-16-3.pdf>]
<figure/unnamed-chunk-17-2.pdf, id=217, 505.89pt x 505.89pt>
File: figure/unnamed-chunk-17-2.pdf Graphic file (type pdf)

<use figure/unnamed-chunk-17-2.pdf>
Package pdftex.def Info: figure/unnamed-chunk-17-2.pdf used on input line 506.
(pdftex.def)             Requested size: 469.75502pt x 469.76265pt.

Overfull \hbox (15.0pt too wide) in paragraph at lines 506--507
[][] 
 []

[26 <./figure/unnamed-chunk-17-1.pdf>]
<figure/unnamed-chunk-17-3.pdf, id=227, 505.89pt x 505.89pt>
File: figure/unnamed-chunk-17-3.pdf Graphic file (type pdf)

<use figure/unnamed-chunk-17-3.pdf>
Package pdftex.def Info: figure/unnamed-chunk-17-3.pdf used on input line 512.
(pdftex.def)             Requested size: 469.75502pt x 469.76265pt.

Overfull \hbox (15.0pt too wide) in paragraph at lines 512--513
[][] 
 []

[27 <./figure/unnamed-chunk-17-2.pdf>]
<figure/unnamed-chunk-17-4.pdf, id=237, 505.89pt x 505.89pt>
File: figure/unnamed-chunk-17-4.pdf Graphic file (type pdf)

<use figure/unnamed-chunk-17-4.pdf>
Package pdftex.def Info: figure/unnamed-chunk-17-4.pdf used on input line 519.
(pdftex.def)             Requested size: 469.75502pt x 469.76265pt.

Overfull \hbox (15.0pt too wide) in paragraph at lines 519--520
[][] 
 []

[28 <./figure/unnamed-chunk-17-3.pdf>]
! Missing $ inserted.
<inserted text> 
                $
l.522 From acf plot ,q \leq
                            4, and from partial-acf plot, p \leq 2 with d = ...
I've inserted a begin-math/end-math symbol since I think
you left one out. Proceed, with fingers crossed.

! Missing $ inserted.
<inserted text> 
                $
l.523 
      
I've inserted a begin-math/end-math symbol since I think
you left one out. Proceed, with fingers crossed.

Package color Info: Redefining color shadecolor on input line 525.
[29 <./figure/unnamed-chunk-17-4.pdf>]
! Missing $ inserted.
<inserted text> 
                $
l.551 ...t AIC gives the best fitted model of log_
                                                  beer, which is SARIMA(0,1,...
I've inserted a begin-math/end-math symbol since I think
you left one out. Proceed, with fingers crossed.

Package color Info: Redefining color shadecolor on input line 553.
! Missing $ inserted.
<inserted text> 
                $
l.553 ....969, 0.969}\color{fgcolor}\begin{kframe}
                                                  
I've inserted a begin-math/end-math symbol since I think
you left one out. Proceed, with fingers crossed.

! Missing \endgroup inserted.
<inserted text> 
                \endgroup 
l.553 ....969, 0.969}\color{fgcolor}\begin{kframe}
                                                  
I've inserted something that you may have forgotten.
(See the <inserted text> above.)
With luck, this will get me unwedged. But if you
really didn't forget anything, try typing `2' now; then
my insertion and my current dilemma will both disappear.

! Missing \endgroup inserted.
<inserted text> 
                \endgroup 
l.553 ....969, 0.969}\color{fgcolor}\begin{kframe}
                                                  
I've inserted something that you may have forgotten.
(See the <inserted text> above.)
With luck, this will get me unwedged. But if you
really didn't forget anything, try typing `2' now; then
my insertion and my current dilemma will both disappear.

! Undefined control sequence.
\endkframe ...ip \endMakeFramed \at@end@of@kframe 
                                                  
l.557 \end{kframe}
                  
The control sequence at the end of the top line
of your error message was never \def'ed. If you have
misspelled it (e.g., `\hobx'), type `I' and the correct
spelling (e.g., `I\hbox'). Otherwise just continue,
and I'll forget about whatever was undefined.


! LaTeX Error: \begin{document} ended by \end{kframe}.

See the LaTeX manual or LaTeX Companion for explanation.
Type  H <return>  for immediate help.
 ...                                              
                                                  
l.557 \end{kframe}
                  
Your command was ignored.
Type  I <command> <return>  to replace it with another command,
or  <return>  to continue without it.

! Extra \endgroup.
<recently read> \endgroup 
                          
l.557 \end{kframe}
                  
Things are pretty mixed up, but I think the worst is over.


! LaTeX Error: \begin{document} ended by \end{knitrout}.

See the LaTeX manual or LaTeX Companion for explanation.
Type  H <return>  for immediate help.
 ...                                              
                                                  
l.558 \end{knitrout}
                    
Your command was ignored.
Type  I <command> <return>  to replace it with another command,
or  <return>  to continue without it.

! Extra \endgroup.
<recently read> \endgroup 
                          
l.558 \end{knitrout}
                    
Things are pretty mixed up, but I think the worst is over.

Package color Info: Redefining color shadecolor on input line 562.
<figure/unnamed-chunk-20-1.pdf, id=256, 505.89pt x 505.89pt>
File: figure/unnamed-chunk-20-1.pdf Graphic file (type pdf)

<use figure/unnamed-chunk-20-1.pdf>
Package pdftex.def Info: figure/unnamed-chunk-20-1.pdf used on input line 568.
(pdftex.def)             Requested size: 469.75502pt x 469.76265pt.

Overfull \hbox (15.0pt too wide) in paragraph at lines 568--569
[][] 
 []

[30] <figure/unnamed-chunk-20-2.pdf, id=261, 505.89pt x 505.89pt>
File: figure/unnamed-chunk-20-2.pdf Graphic file (type pdf)

<use figure/unnamed-chunk-20-2.pdf>
Package pdftex.def Info: figure/unnamed-chunk-20-2.pdf used on input line 575.
(pdftex.def)             Requested size: 469.75502pt x 469.76265pt.

Overfull \hbox (15.0pt too wide) in paragraph at lines 575--576
[][] 
 []

[31 <./figure/unnamed-chunk-20-1.pdf>]
<figure/unnamed-chunk-20-3.pdf, id=272, 505.89pt x 505.89pt>
File: figure/unnamed-chunk-20-3.pdf Graphic file (type pdf)

<use figure/unnamed-chunk-20-3.pdf>
Package pdftex.def Info: figure/unnamed-chunk-20-3.pdf used on input line 584.
(pdftex.def)             Requested size: 469.75502pt x 469.76265pt.

Overfull \hbox (15.0pt too wide) in paragraph at lines 584--585
[][] 
 []

[32 <./figure/unnamed-chunk-20-2.pdf>]
Package color Info: Redefining color shadecolor on input line 593.
 [33 <./figure/unnamed-chunk-20-3.pdf>]
<figure/unnamed-chunk-21-1.pdf, id=291, 505.89pt x 505.89pt>
File: figure/unnamed-chunk-21-1.pdf Graphic file (type pdf)

<use figure/unnamed-chunk-21-1.pdf>
Package pdftex.def Info: figure/unnamed-chunk-21-1.pdf used on input line 611.
(pdftex.def)             Requested size: 469.75502pt x 469.76265pt.

Overfull \hbox (15.0pt too wide) in paragraph at lines 611--612
[][] 
 []

Package color Info: Redefining color shadecolor on input line 618.
[34 <./figure/unnamed-chunk-21-1.pdf>]
<figure/unnamed-chunk-22-1.pdf, id=301, 505.89pt x 505.89pt>
File: figure/unnamed-chunk-22-1.pdf Graphic file (type pdf)

<use figure/unnamed-chunk-22-1.pdf>
Package pdftex.def Info: figure/unnamed-chunk-22-1.pdf used on input line 647.
(pdftex.def)             Requested size: 469.75502pt x 469.76265pt.

Overfull \hbox (15.0pt too wide) in paragraph at lines 647--648
[][] 
 []

[35]
Package color Info: Redefining color shadecolor on input line 656.
 [36 <./figure/unnamed-chunk-22-1.pdf>]
<figure/unnamed-chunk-23-1.pdf, id=314, 505.89pt x 505.89pt>
File: figure/unnamed-chunk-23-1.pdf Graphic file (type pdf)

<use figure/unnamed-chunk-23-1.pdf>
Package pdftex.def Info: figure/unnamed-chunk-23-1.pdf used on input line 678.
(pdftex.def)             Requested size: 469.75502pt x 469.76265pt.

Overfull \hbox (15.0pt too wide) in paragraph at lines 678--679
[][] 
 []

Package color Info: Redefining color shadecolor on input line 687.
[37 <./figure/unnamed-chunk-23-1.pdf>]
<figure/unnamed-chunk-24-1.pdf, id=325, 505.89pt x 505.89pt>
File: figure/unnamed-chunk-24-1.pdf Graphic file (type pdf)

<use figure/unnamed-chunk-24-1.pdf>
Package pdftex.def Info: figure/unnamed-chunk-24-1.pdf used on input line 697.
(pdftex.def)             Requested size: 469.75502pt x 469.76265pt.

Overfull \hbox (15.0pt too wide) in paragraph at lines 697--698
[][] 
 []

[38 <./figure/unnamed-chunk-24-1.pdf>]
<figure/unnamed-chunk-24-2.pdf, id=335, 505.89pt x 505.89pt>
File: figure/unnamed-chunk-24-2.pdf Graphic file (type pdf)

<use figure/unnamed-chunk-24-2.pdf>
Package pdftex.def Info: figure/unnamed-chunk-24-2.pdf used on input line 702.
(pdftex.def)             Requested size: 469.75502pt x 469.76265pt.

Overfull \hbox (15.0pt too wide) in paragraph at lines 702--703
[][] 
 []

LaTeX Font Info:    Font shape `OMS/cmtt/m/it' in size <10> not available
(Font)              Font shape `OMS/cmsy/m/n' tried instead on input line 704.
<figure/unnamed-chunk-24-3.pdf, id=336, 505.89pt x 505.89pt>
File: figure/unnamed-chunk-24-3.pdf Graphic file (type pdf)

<use figure/unnamed-chunk-24-3.pdf>
Package pdftex.def Info: figure/unnamed-chunk-24-3.pdf used on input line 709.
(pdftex.def)             Requested size: 469.75502pt x 469.76265pt.

Overfull \hbox (15.0pt too wide) in paragraph at lines 709--710
[][] 
 []

[39 <./figure/unnamed-chunk-24-2.pdf>]
<figure/unnamed-chunk-24-4.pdf, id=346, 505.89pt x 505.89pt>
File: figure/unnamed-chunk-24-4.pdf Graphic file (type pdf)

<use figure/unnamed-chunk-24-4.pdf>
Package pdftex.def Info: figure/unnamed-chunk-24-4.pdf used on input line 714.
(pdftex.def)             Requested size: 469.75502pt x 469.76265pt.

Overfull \hbox (15.0pt too wide) in paragraph at lines 714--715
[][] 
 []

[40 <./figure/unnamed-chunk-24-3.pdf>]
Package color Info: Redefining color shadecolor on input line 722.

<figure/unnamed-chunk-25-1.pdf, id=355, 505.89pt x 505.89pt>
File: figure/unnamed-chunk-25-1.pdf Graphic file (type pdf)

<use figure/unnamed-chunk-25-1.pdf>
Package pdftex.def Info: figure/unnamed-chunk-25-1.pdf used on input line 728.
(pdftex.def)             Requested size: 469.75502pt x 469.76265pt.

Overfull \hbox (15.0pt too wide) in paragraph at lines 728--729
[][] 
 []

[41 <./figure/unnamed-chunk-24-4.pdf>]
<figure/unnamed-chunk-25-2.pdf, id=365, 505.89pt x 505.89pt>
File: figure/unnamed-chunk-25-2.pdf Graphic file (type pdf)

<use figure/unnamed-chunk-25-2.pdf>
Package pdftex.def Info: figure/unnamed-chunk-25-2.pdf used on input line 734.
(pdftex.def)             Requested size: 469.75502pt x 469.76265pt.

Overfull \hbox (15.0pt too wide) in paragraph at lines 734--735
[][] 
 []

[42 <./figure/unnamed-chunk-25-1.pdf>]
<figure/unnamed-chunk-25-3.pdf, id=375, 505.89pt x 505.89pt>
File: figure/unnamed-chunk-25-3.pdf Graphic file (type pdf)

<use figure/unnamed-chunk-25-3.pdf>
Package pdftex.def Info: figure/unnamed-chunk-25-3.pdf used on input line 741.
(pdftex.def)             Requested size: 469.75502pt x 469.76265pt.

Overfull \hbox (15.0pt too wide) in paragraph at lines 741--742
[][] 
 []

[43 <./figure/unnamed-chunk-25-2.pdf>]
! Missing $ inserted.
<inserted text> 
                $
l.744 From acf plot ,q \leq
                            1, and from partial-acf plot, p \leq 5 with d = ...
I've inserted a begin-math/end-math symbol since I think
you left one out. Proceed, with fingers crossed.

! Missing $ inserted.
<inserted text> 
                $
l.745 
      
I've inserted a begin-math/end-math symbol since I think
you left one out. Proceed, with fingers crossed.

Package color Info: Redefining color shadecolor on input line 747.
[44 <./figure/unnamed-chunk-25-3.pdf>]
Package color Info: Redefining color shadecolor on input line 781.
Package color Info: Redefining color shadecolor on input line 790.

<figure/unnamed-chunk-28-1.pdf, id=395, 505.89pt x 505.89pt>
File: figure/unnamed-chunk-28-1.pdf Graphic file (type pdf)

<use figure/unnamed-chunk-28-1.pdf>
Package pdftex.def Info: figure/unnamed-chunk-28-1.pdf used on input line 796.
(pdftex.def)             Requested size: 469.75502pt x 469.76265pt.

Overfull \hbox (15.0pt too wide) in paragraph at lines 796--797
[][] 
 []

[45] <figure/unnamed-chunk-28-2.pdf, id=399, 505.89pt x 505.89pt>
File: figure/unnamed-chunk-28-2.pdf Graphic file (type pdf)

<use figure/unnamed-chunk-28-2.pdf>
Package pdftex.def Info: figure/unnamed-chunk-28-2.pdf used on input line 803.
(pdftex.def)             Requested size: 469.75502pt x 469.76265pt.

Overfull \hbox (15.0pt too wide) in paragraph at lines 803--804
[][] 
 []

[46 <./figure/unnamed-chunk-28-1.pdf>]
<figure/unnamed-chunk-28-3.pdf, id=409, 505.89pt x 505.89pt>
File: figure/unnamed-chunk-28-3.pdf Graphic file (type pdf)

<use figure/unnamed-chunk-28-3.pdf>
Package pdftex.def Info: figure/unnamed-chunk-28-3.pdf used on input line 811.
(pdftex.def)             Requested size: 469.75502pt x 469.76265pt.

Overfull \hbox (15.0pt too wide) in paragraph at lines 811--812
[][] 
 []

[47 <./figure/unnamed-chunk-28-2.pdf>]
Package color Info: Redefining color shadecolor on input line 819.
 [48 <./figure/unnamed-chunk-28-3.pdf>]
<figure/unnamed-chunk-29-1.pdf, id=428, 505.89pt x 505.89pt>
File: figure/unnamed-chunk-29-1.pdf Graphic file (type pdf)

<use figure/unnamed-chunk-29-1.pdf>
Package pdftex.def Info: figure/unnamed-chunk-29-1.pdf used on input line 855.
(pdftex.def)             Requested size: 469.75502pt x 469.76265pt.

Overfull \hbox (15.0pt too wide) in paragraph at lines 855--856
[][] 
 []

[49]
Package color Info: Redefining color shadecolor on input line 861.
 [50 <./figure/unnamed-chunk-29-1.pdf>]
<figure/unnamed-chunk-30-1.pdf, id=442, 505.89pt x 505.89pt>
File: figure/unnamed-chunk-30-1.pdf Graphic file (type pdf)

<use figure/unnamed-chunk-30-1.pdf>
Package pdftex.def Info: figure/unnamed-chunk-30-1.pdf used on input line 889.
(pdftex.def)             Requested size: 469.75502pt x 469.76265pt.

Overfull \hbox (15.0pt too wide) in paragraph at lines 889--890
[][] 
 []

[51]
Package color Info: Redefining color shadecolor on input line 896.
 [52 <./figure/unnamed-chunk-30-1.pdf>]
<figure/unnamed-chunk-31-1.pdf, id=455, 505.89pt x 505.89pt>
File: figure/unnamed-chunk-31-1.pdf Graphic file (type pdf)

<use figure/unnamed-chunk-31-1.pdf>
Package pdftex.def Info: figure/unnamed-chunk-31-1.pdf used on input line 932.
(pdftex.def)             Requested size: 469.75502pt x 469.76265pt.

Overfull \hbox (15.0pt too wide) in paragraph at lines 932--933
[][] 
 []

[53]
Package color Info: Redefining color shadecolor on input line 941.

Overfull \hbox (28.99063pt too wide) in paragraph at lines 943--943
[][]\OT1/cmtt/m/n/10 carSale_data[] []<-[] []read.csv[][]([][]"E:/ST3233/Assign
ment2/Datasets/monthly-car-sales-in-quebec-1960.csv"[][],[][] 
 []

<figure/unnamed-chunk-32-1.pdf, id=459, 505.89pt x 505.89pt>
File: figure/unnamed-chunk-32-1.pdf Graphic file (type pdf)

<use figure/unnamed-chunk-32-1.pdf>
Package pdftex.def Info: figure/unnamed-chunk-32-1.pdf used on input line 951.
(pdftex.def)             Requested size: 469.75502pt x 469.76265pt.

Overfull \hbox (15.0pt too wide) in paragraph at lines 951--952
[][] 
 []

[54 <./figure/unnamed-chunk-31-1.pdf>]
<figure/unnamed-chunk-32-2.pdf, id=469, 505.89pt x 505.89pt>
File: figure/unnamed-chunk-32-2.pdf Graphic file (type pdf)

<use figure/unnamed-chunk-32-2.pdf>
Package pdftex.def Info: figure/unnamed-chunk-32-2.pdf used on input line 956.
(pdftex.def)             Requested size: 469.75502pt x 469.76265pt.

Overfull \hbox (15.0pt too wide) in paragraph at lines 956--957
[][] 
 []

[55 <./figure/unnamed-chunk-32-1.pdf>]
<figure/unnamed-chunk-32-3.pdf, id=480, 505.89pt x 505.89pt>
File: figure/unnamed-chunk-32-3.pdf Graphic file (type pdf)

<use figure/unnamed-chunk-32-3.pdf>
Package pdftex.def Info: figure/unnamed-chunk-32-3.pdf used on input line 964.
(pdftex.def)             Requested size: 469.75502pt x 469.76265pt.

Overfull \hbox (15.0pt too wide) in paragraph at lines 964--965
[][] 
 []

[56 <./figure/unnamed-chunk-32-2.pdf>]
<figure/unnamed-chunk-32-4.pdf, id=490, 505.89pt x 505.89pt>
File: figure/unnamed-chunk-32-4.pdf Graphic file (type pdf)

<use figure/unnamed-chunk-32-4.pdf>
Package pdftex.def Info: figure/unnamed-chunk-32-4.pdf used on input line 969.
(pdftex.def)             Requested size: 469.75502pt x 469.76265pt.

Overfull \hbox (15.0pt too wide) in paragraph at lines 969--970
[][] 
 []

[57 <./figure/unnamed-chunk-32-3.pdf>]
Package color Info: Redefining color shadecolor on input line 976.

<figure/unnamed-chunk-33-1.pdf, id=499, 505.89pt x 505.89pt>
File: figure/unnamed-chunk-33-1.pdf Graphic file (type pdf)

<use figure/unnamed-chunk-33-1.pdf>
Package pdftex.def Info: figure/unnamed-chunk-33-1.pdf used on input line 982.
(pdftex.def)             Requested size: 469.75502pt x 469.76265pt.

Overfull \hbox (15.0pt too wide) in paragraph at lines 982--983
[][] 
 []

[58 <./figure/unnamed-chunk-32-4.pdf>]
<figure/unnamed-chunk-33-2.pdf, id=509, 505.89pt x 505.89pt>
File: figure/unnamed-chunk-33-2.pdf Graphic file (type pdf)

<use figure/unnamed-chunk-33-2.pdf>
Package pdftex.def Info: figure/unnamed-chunk-33-2.pdf used on input line 987.
(pdftex.def)             Requested size: 469.75502pt x 469.76265pt.

Overfull \hbox (15.0pt too wide) in paragraph at lines 987--988
[][] 
 []

[59 <./figure/unnamed-chunk-33-1.pdf>]
<figure/unnamed-chunk-33-3.pdf, id=519, 505.89pt x 505.89pt>
File: figure/unnamed-chunk-33-3.pdf Graphic file (type pdf)

<use figure/unnamed-chunk-33-3.pdf>
Package pdftex.def Info: figure/unnamed-chunk-33-3.pdf used on input line 995.
(pdftex.def)             Requested size: 469.75502pt x 469.76265pt.

Overfull \hbox (15.0pt too wide) in paragraph at lines 995--996
[][] 
 []

[60 <./figure/unnamed-chunk-33-2.pdf>]
<figure/unnamed-chunk-33-4.pdf, id=529, 505.89pt x 505.89pt>
File: figure/unnamed-chunk-33-4.pdf Graphic file (type pdf)

<use figure/unnamed-chunk-33-4.pdf>
Package pdftex.def Info: figure/unnamed-chunk-33-4.pdf used on input line 1002.

(pdftex.def)             Requested size: 469.75502pt x 469.76265pt.

Overfull \hbox (15.0pt too wide) in paragraph at lines 1002--1003
[][] 
 []

[61 <./figure/unnamed-chunk-33-3.pdf>]
! Missing $ inserted.
<inserted text> 
                $
l.1005 From acf plot ,q \leq
                             1, and from partial-acf plot, p \leq 2 with d =...
I've inserted a begin-math/end-math symbol since I think
you left one out. Proceed, with fingers crossed.

! Missing $ inserted.
<inserted text> 
                $
l.1006 
       
I've inserted a begin-math/end-math symbol since I think
you left one out. Proceed, with fingers crossed.

Package color Info: Redefining color shadecolor on input line 1008.
[62 <./figure/unnamed-chunk-33-4.pdf>]
Package color Info: Redefining color shadecolor on input line 1036.
Package color Info: Redefining color shadecolor on input line 1045.

<figure/unnamed-chunk-36-1.pdf, id=549, 505.89pt x 505.89pt>
File: figure/unnamed-chunk-36-1.pdf Graphic file (type pdf)

<use figure/unnamed-chunk-36-1.pdf>
Package pdftex.def Info: figure/unnamed-chunk-36-1.pdf used on input line 1051.

(pdftex.def)             Requested size: 469.75502pt x 469.76265pt.

Overfull \hbox (15.0pt too wide) in paragraph at lines 1051--1052
[][] 
 []

[63] <figure/unnamed-chunk-36-2.pdf, id=553, 505.89pt x 505.89pt>
File: figure/unnamed-chunk-36-2.pdf Graphic file (type pdf)

<use figure/unnamed-chunk-36-2.pdf>
Package pdftex.def Info: figure/unnamed-chunk-36-2.pdf used on input line 1058.

(pdftex.def)             Requested size: 469.75502pt x 469.76265pt.

Overfull \hbox (15.0pt too wide) in paragraph at lines 1058--1059
[][] 
 []

[64 <./figure/unnamed-chunk-36-1.pdf>]
<figure/unnamed-chunk-36-3.pdf, id=563, 505.89pt x 505.89pt>
File: figure/unnamed-chunk-36-3.pdf Graphic file (type pdf)

<use figure/unnamed-chunk-36-3.pdf>
Package pdftex.def Info: figure/unnamed-chunk-36-3.pdf used on input line 1066.

(pdftex.def)             Requested size: 469.75502pt x 469.76265pt.

Overfull \hbox (15.0pt too wide) in paragraph at lines 1066--1067
[][] 
 []

[65 <./figure/unnamed-chunk-36-2.pdf>]
Package color Info: Redefining color shadecolor on input line 1085.
 [66 <./figure/unnamed-chunk-36-3.pdf>]
<figure/unnamed-chunk-37-1.pdf, id=582, 505.89pt x 505.89pt>
File: figure/unnamed-chunk-37-1.pdf Graphic file (type pdf)

<use figure/unnamed-chunk-37-1.pdf>
Package pdftex.def Info: figure/unnamed-chunk-37-1.pdf used on input line 1121.

(pdftex.def)             Requested size: 469.75502pt x 469.76265pt.

Overfull \hbox (15.0pt too wide) in paragraph at lines 1121--1122
[][] 
 []

[67]
Package color Info: Redefining color shadecolor on input line 1127.
 [68 <./figure/unnamed-chunk-37-1.pdf>]
<figure/unnamed-chunk-38-1.pdf, id=596, 505.89pt x 505.89pt>
File: figure/unnamed-chunk-38-1.pdf Graphic file (type pdf)

<use figure/unnamed-chunk-38-1.pdf>
Package pdftex.def Info: figure/unnamed-chunk-38-1.pdf used on input line 1155.

(pdftex.def)             Requested size: 469.75502pt x 469.76265pt.

Overfull \hbox (15.0pt too wide) in paragraph at lines 1155--1156
[][] 
 []

[69]
Package color Info: Redefining color shadecolor on input line 1162.
 [70 <./figure/unnamed-chunk-38-1.pdf>]
<figure/unnamed-chunk-39-1.pdf, id=609, 505.89pt x 505.89pt>
File: figure/unnamed-chunk-39-1.pdf Graphic file (type pdf)

<use figure/unnamed-chunk-39-1.pdf>
Package pdftex.def Info: figure/unnamed-chunk-39-1.pdf used on input line 1198.

(pdftex.def)             Requested size: 469.75502pt x 469.76265pt.

Overfull \hbox (15.0pt too wide) in paragraph at lines 1198--1199
[][] 
 []

[71] [72 <./figure/unnamed-chunk-39-1.pdf>] (Assignment2_Ye_V02.aux) ) 
Here is how much of TeX's memory you used:
 3362 strings out of 493335
 49070 string characters out of 3139260
 108920 words of memory out of 3000000
 6759 multiletter control sequences out of 15000+200000
 12467 words of font info for 53 fonts, out of 3000000 for 9000
 1141 hyphenation exceptions out of 8191
 38i,6n,24p,335b,277s stack positions out of 5000i,500n,10000p,200000b,50000s
<C:/Progr
am Files/MiKTeX 2.9/fonts/type1/public/amsfonts/cm/cmbx10.pfb><C:/Program Files
/MiKTeX 2.9/fonts/type1/public/amsfonts/cm/cmbx12.pfb><C:/Program Files/MiKTeX 
2.9/fonts/type1/public/amsfonts/cm/cmitt10.pfb><C:/Program Files/MiKTeX 2.9/fon
ts/type1/public/amsfonts/cm/cmmi10.pfb><C:/Program Files/MiKTeX 2.9/fonts/type1
/public/amsfonts/cm/cmmi7.pfb><C:/Program Files/MiKTeX 2.9/fonts/type1/public/a
msfonts/cm/cmr10.pfb><C:/Program Files/MiKTeX 2.9/fonts/type1/public/amsfonts/c
m/cmr12.pfb><C:/Program Files/MiKTeX 2.9/fonts/type1/public/amsfonts/cm/cmr17.p
fb><C:/Program Files/MiKTeX 2.9/fonts/type1/public/amsfonts/cm/cmr9.pfb><C:/Pro
gram Files/MiKTeX 2.9/fonts/type1/public/amsfonts/cm/cmsy10.pfb><C:/Program Fil
es/MiKTeX 2.9/fonts/type1/public/amsfonts/cm/cmtt10.pfb>
Output written on Assignment2_Ye_V02.pdf (72 pages, 602055 bytes).
PDF statistics:
 659 PDF objects out of 1000 (max. 8388607)
 0 named destinations out of 1000 (max. 500000)
 276 words of extra memory for PDF output out of 10000 (max. 10000000)

